0 info it worked if it ends with ok
1 verbose cli [ '/usr/bin/node', '/usr/bin/npm', 'start' ]
2 info using npm@1.4.28
3 info using node@v0.10.33
4 verbose run-script [ 'prestart', 'start', 'poststart' ]
5 info prestart NJSBot-PFG@0.0.0
6 info start NJSBot-PFG@0.0.0
7 verbose unsafe-perm in lifecycle true
8 info NJSBot-PFG@0.0.0 Failed to exec start script
9 error NJSBot-PFG@0.0.0 start: `node --harmony njsbot.js`
9 error Exit status 8
10 error Failed at the NJSBot-PFG@0.0.0 start script.
10 error This is most likely a problem with the NJSBot-PFG package,
10 error not with npm itself.
10 error Tell the author that this fails on your system:
10 error     node --harmony njsbot.js
10 error You can get their info via:
10 error     npm owner ls NJSBot-PFG
10 error There is likely additional logging output above.
11 error System Linux 3.15.0-sabayon
12 error command "/usr/bin/node" "/usr/bin/npm" "start"
13 error cwd /home/angel/Workspace/NJSLinuxBot
14 error node -v v0.10.33
15 error npm -v 1.4.28
16 error code ELIFECYCLE
17 verbose exit [ 1, true ]
